<?xml version="1.0" encoding="UTF-8"?>
<!-- Generated by org.testng.reporters.JUnitXMLReporter -->
<testsuite hostname="MacBook-Pro-Astaroth.local" ignored="18" name="Default test" tests="1" failures="0" timestamp="14 Dec 2021 07:06:58 GMT" time="43.191" errors="0">
  <testcase name="accessPrivateRoomFromTabsContacts" time="25.416" classname="webautomation.mekarichat.AppTest"/>
  <testcase name="loginWithValidEmailandPassword" time="0.0" classname="webautomation.mekarichat.AppTest">
    <ignored/>
  </testcase> <!-- loginWithValidEmailandPassword -->
  <testcase name="searchChatWithFilterPostIn" time="0.0" classname="webautomation.mekarichat.AppTest">
    <ignored/>
  </testcase> <!-- searchChatWithFilterPostIn -->
  <testcase name="loginWithWrongEmailandPassword" time="0.0" classname="webautomation.mekarichat.AppTest">
    <ignored/>
  </testcase> <!-- loginWithWrongEmailandPassword -->
  <testcase name="loginWithValidEmailandWrongPassword" time="0.0" classname="webautomation.mekarichat.AppTest">
    <ignored/>
  </testcase> <!-- loginWithValidEmailandWrongPassword -->
  <testcase name="checkPasswordShowed" time="0.0" classname="webautomation.mekarichat.AppTest">
    <ignored/>
  </testcase> <!-- checkPasswordShowed -->
  <testcase name="statusOnlineOfflineListContact" time="0.0" classname="webautomation.mekarichat.AppTest">
    <ignored/>
  </testcase> <!-- statusOnlineOfflineListContact -->
  <testcase name="checkStatusChatOnlineOffline" time="0.0" classname="webautomation.mekarichat.AppTest">
    <ignored/>
  </testcase> <!-- checkStatusChatOnlineOffline -->
  <testcase name="searchOnChatTab" time="0.0" classname="webautomation.mekarichat.AppTest">
    <ignored/>
  </testcase> <!-- searchOnChatTab -->
  <testcase name="checkPasswordHidden" time="0.0" classname="webautomation.mekarichat.AppTest">
    <ignored/>
  </testcase> <!-- checkPasswordHidden -->
  <testcase name="searchChatWithFilterPostInAndFrom" time="0.0" classname="webautomation.mekarichat.AppTest">
    <ignored/>
  </testcase> <!-- searchChatWithFilterPostInAndFrom -->
  <testcase name="searchContactWithJobs" time="0.0" classname="webautomation.mekarichat.AppTest">
    <ignored/>
  </testcase> <!-- searchContactWithJobs -->
  <testcase name="searchContactWithName" time="0.0" classname="webautomation.mekarichat.AppTest">
    <ignored/>
  </testcase> <!-- searchContactWithName -->
  <testcase name="searchChatWithFilterFrom" time="0.0" classname="webautomation.mekarichat.AppTest">
    <ignored/>
  </testcase> <!-- searchChatWithFilterFrom -->
  <testcase name="searchChatWithNoFilter" time="0.0" classname="webautomation.mekarichat.AppTest">
    <ignored/>
  </testcase> <!-- searchChatWithNoFilter -->
  <testcase name="listContact" time="0.0" classname="webautomation.mekarichat.AppTest">
    <ignored/>
  </testcase> <!-- listContact -->
  <testcase name="logoutTest" time="0.0" classname="webautomation.mekarichat.AppTest">
    <ignored/>
  </testcase> <!-- logoutTest -->
  <testcase name="pinTest" time="0.0" classname="webautomation.mekarichat.AppTest">
    <ignored/>
  </testcase> <!-- pinTest -->
  <testcase name="loginWithWrongEmailandValidPassword" time="0.0" classname="webautomation.mekarichat.AppTest">
    <ignored/>
  </testcase> <!-- loginWithWrongEmailandValidPassword -->
</testsuite> <!-- Default test -->
