<?xml version="1.0" encoding="UTF-8"?>
<!-- Generated by org.testng.reporters.JUnitXMLReporter -->
<testsuite ignored="5" hostname="MacBook-Pro-Astaroth.local" failures="1" tests="19" name="Test" time="456.02" errors="0" timestamp="2021-12-16T14:37:21 WIB">
  <testcase classname="webautomation.mekarichat.test.Login" name="checkPasswordHidden" time="0.522"/>
  <testcase classname="webautomation.mekarichat.test.Login" name="checkPasswordShowed" time="6.021"/>
  <testcase classname="webautomation.mekarichat.test.Login" name="loginWithValidEmailandPassword" time="16.543"/>
  <testcase classname="webautomation.mekarichat.test.Login" name="loginWithValidEmailandWrongPassword" time="14.664"/>
  <testcase classname="webautomation.mekarichat.test.Login" name="loginWithWrongEmailandPassword" time="14.758"/>
  <testcase classname="webautomation.mekarichat.test.Login" name="loginWithWrongEmailandValidPassword" time="18.516"/>
  <testcase classname="webautomation.mekarichat.test.ChatList" name="checkStatusChatOnlineOffline" time="44.589"/>
  <testcase classname="webautomation.mekarichat.test.Logout" name="logoutFromMekariChat" time="62.587">
    <failure type="org.openqa.selenium.TimeoutException" message="Expected condition failed: waiting for element to be clickable: By.xpath: //input[@id=&amp;apos;new-signin-button&amp;apos;] (tried for 60 second(s) with 500 milliseconds interval)
Build info: version: &amp;apos;4.0.0-beta-3&amp;apos;, revision: &amp;apos;5d108f9a67&amp;apos;
System info: host: &amp;apos;MacBook-Pro-Astaroth.local&amp;apos;, ip: &amp;apos;fe80:0:0:0:443:3f97:c9b6:b037%en0&amp;apos;, os.name: &amp;apos;Mac OS X&amp;apos;, os.arch: &amp;apos;x86_64&amp;apos;, os.version: &amp;apos;10.16&amp;apos;, java.version: &amp;apos;16.0.1&amp;apos;
Driver info: org.openqa.selenium.chrome.ChromeDriver
Capabilities {acceptInsecureCerts: false, browserName: chrome, browserVersion: 96.0.4664.110, chrome: {chromedriverVersion: 96.0.4664.45 (76e4c1bb2ab46..., userDataDir: /var/folders/gr/pnfzzss51zd...}, goog:chromeOptions: {debuggerAddress: localhost:49191}, javascriptEnabled: true, networkConnectionEnabled: false, pageLoadStrategy: normal, platform: MAC, platformName: MAC, proxy: Proxy(), se:cdp: ws://localhost:49191/devtoo..., se:cdpVersion: 96.0.4664.110, setWindowRect: true, strictFileInteractability: false, timeouts: {implicit: 0, pageLoad: 300000, script: 30000}, unhandledPromptBehavior: dismiss and notify, webauthn:extension:credBlob: true, webauthn:extension:largeBlob: true, webauthn:virtualAuthenticators: true}
Session ID: ead97e4799b44b7412243bbc61d1f8df">
      <![CDATA[org.openqa.selenium.TimeoutException: Expected condition failed: waiting for element to be clickable: By.xpath: //input[@id='new-signin-button'] (tried for 60 second(s) with 500 milliseconds interval)
Build info: version: '4.0.0-beta-3', revision: '5d108f9a67'
System info: host: 'MacBook-Pro-Astaroth.local', ip: 'fe80:0:0:0:443:3f97:c9b6:b037%en0', os.name: 'Mac OS X', os.arch: 'x86_64', os.version: '10.16', java.version: '16.0.1'
Driver info: org.openqa.selenium.chrome.ChromeDriver
Capabilities {acceptInsecureCerts: false, browserName: chrome, browserVersion: 96.0.4664.110, chrome: {chromedriverVersion: 96.0.4664.45 (76e4c1bb2ab46..., userDataDir: /var/folders/gr/pnfzzss51zd...}, goog:chromeOptions: {debuggerAddress: localhost:49191}, javascriptEnabled: true, networkConnectionEnabled: false, pageLoadStrategy: normal, platform: MAC, platformName: MAC, proxy: Proxy(), se:cdp: ws://localhost:49191/devtoo..., se:cdpVersion: 96.0.4664.110, setWindowRect: true, strictFileInteractability: false, timeouts: {implicit: 0, pageLoad: 300000, script: 30000}, unhandledPromptBehavior: dismiss and notify, webauthn:extension:credBlob: true, webauthn:extension:largeBlob: true, webauthn:virtualAuthenticators: true}
Session ID: ead97e4799b44b7412243bbc61d1f8df
at org.openqa.selenium.support.ui.WebDriverWait.timeoutException(WebDriverWait.java:138)
at org.openqa.selenium.support.ui.FluentWait.until(FluentWait.java:231)
at webautomation.mekarichat.navigation.BasePage.clickAndWaitByXpath(BasePage.java:25)
at webautomation.mekarichat.pages.LoginPage.inputEmailPassword(LoginPage.java:37)
at webautomation.mekarichat.test.Logout.logoutFromMekariChat(Logout.java:40)
at java.base/java.util.concurrent.ThreadPoolExecutor.runWorker(ThreadPoolExecutor.java:1130)
at java.base/java.util.concurrent.ThreadPoolExecutor$Worker.run(ThreadPoolExecutor.java:630)
at java.base/java.lang.Thread.run(Thread.java:831)
... Removed 12 stack frames]]>
    </failure>
  </testcase> <!-- logoutFromMekariChat -->
  <testcase classname="webautomation.mekarichat.test.Contacts" name="accessPrivateRoomFromTabsContacts" time="24.758"/>
  <testcase classname="webautomation.mekarichat.test.ChatList" name="pinTest" time="40.991"/>
  <testcase classname="webautomation.mekarichat.test.Contacts" name="listContact" time="23.024"/>
  <testcase classname="webautomation.mekarichat.test.Contacts" name="searchContactWithJobs" time="26.349"/>
  <testcase classname="webautomation.mekarichat.test.Contacts" name="statusOnlineOfflineListContact" time="20.424"/>
  <testcase classname="webautomation.mekarichat.test.Contacts" name="searchContactWithName" time="25.385"/>
  <testcase classname="webautomation.mekarichat.test.SearchChat" name="searchChatWithFilterPostIn" time="37.642"/>
  <testcase classname="webautomation.mekarichat.test.SearchChat" name="searchChatWithFilterPostInAndFrom" time="44.12"/>
  <testcase classname="webautomation.mekarichat.test.SearchChat" name="searchChatWithNoFilter" time="36.188"/>
  <testcase classname="webautomation.mekarichat.test.SearchMessage" name="searchOnChatTab" time="26.229"/>
  <testcase classname="webautomation.mekarichat.test.SearchChat" name="searchOnTabSearchWithFilterFrom" time="95.688"/>
  <testcase classname="webautomation.mekarichat.BaseWebDriver" name="@BeforeSuite setAllureEnvironment" time="0.0">
    <ignored/>
  </testcase> <!-- @BeforeSuite setAllureEnvironment -->
  <testcase classname="webautomation.mekarichat.BaseWebDriver" name="@BeforeSuite setAllureEnvironment" time="0.0">
    <ignored/>
  </testcase> <!-- @BeforeSuite setAllureEnvironment -->
  <testcase classname="webautomation.mekarichat.BaseWebDriver" name="@BeforeSuite setAllureEnvironment" time="0.0">
    <ignored/>
  </testcase> <!-- @BeforeSuite setAllureEnvironment -->
  <testcase classname="webautomation.mekarichat.BaseWebDriver" name="@BeforeSuite setAllureEnvironment" time="0.0">
    <ignored/>
  </testcase> <!-- @BeforeSuite setAllureEnvironment -->
  <testcase classname="webautomation.mekarichat.BaseWebDriver" name="@BeforeSuite setAllureEnvironment" time="0.0">
    <ignored/>
  </testcase> <!-- @BeforeSuite setAllureEnvironment -->
</testsuite> <!-- Test -->
