<?xml version="1.0" encoding="UTF-8"?>
<testng-results ignored="5" total="24" passed="18" failed="1" skipped="0">
  <reporter-output>
  </reporter-output>
  <suite started-at="2021-12-16T14:29:45 WIB" name="Suite" finished-at="2021-12-16T14:37:21 WIB" duration-ms="456020">
    <groups>
    </groups>
    <test started-at="2021-12-16T14:29:45 WIB" name="Test" finished-at="2021-12-16T14:37:21 WIB" duration-ms="456020">
      <class name="webautomation.mekarichat.test.Contacts">
        <test-method is-config="true" signature="setupBase()[pri:0, instance:webautomation.mekarichat.test.Contacts@c2584d3]" started-at="2021-12-16T14:32:30 WIB" name="setupBase" finished-at="2021-12-16T14:32:44 WIB" duration-ms="13997" status="PASS">
          <reporter-output>
          </reporter-output>
        </test-method> <!-- setupBase -->
        <test-method signature="accessPrivateRoomFromTabsContacts()[pri:0, instance:webautomation.mekarichat.test.Contacts@c2584d3]" started-at="2021-12-16T14:32:44 WIB" name="accessPrivateRoomFromTabsContacts" finished-at="2021-12-16T14:33:08 WIB" duration-ms="24758" status="PASS">
          <reporter-output>
          </reporter-output>
        </test-method> <!-- accessPrivateRoomFromTabsContacts -->
        <test-method is-config="true" signature="quitBase()[pri:0, instance:webautomation.mekarichat.test.Contacts@c2584d3]" started-at="2021-12-16T14:33:08 WIB" name="quitBase" finished-at="2021-12-16T14:33:08 WIB" duration-ms="124" status="PASS">
          <reporter-output>
          </reporter-output>
        </test-method> <!-- quitBase -->
        <test-method is-config="true" signature="setupBase()[pri:0, instance:webautomation.mekarichat.test.Contacts@c2584d3]" started-at="2021-12-16T14:33:08 WIB" name="setupBase" finished-at="2021-12-16T14:33:24 WIB" duration-ms="15123" status="PASS">
          <reporter-output>
          </reporter-output>
        </test-method> <!-- setupBase -->
        <test-method is-config="true" signature="setupBase()[pri:0, instance:webautomation.mekarichat.test.Contacts@c2584d3]" started-at="2021-12-16T14:33:13 WIB" name="setupBase" finished-at="2021-12-16T14:33:28 WIB" duration-ms="14681" status="PASS">
          <reporter-output>
          </reporter-output>
        </test-method> <!-- setupBase -->
        <test-method signature="listContact()[pri:0, instance:webautomation.mekarichat.test.Contacts@c2584d3]" started-at="2021-12-16T14:33:24 WIB" name="listContact" finished-at="2021-12-16T14:33:47 WIB" duration-ms="23024" status="PASS">
          <reporter-output>
          </reporter-output>
        </test-method> <!-- listContact -->
        <test-method signature="searchContactWithJobs()[pri:0, instance:webautomation.mekarichat.test.Contacts@c2584d3]" started-at="2021-12-16T14:33:28 WIB" name="searchContactWithJobs" finished-at="2021-12-16T14:33:54 WIB" duration-ms="26349" status="PASS">
          <reporter-output>
          </reporter-output>
        </test-method> <!-- searchContactWithJobs -->
        <test-method is-config="true" signature="quitBase()[pri:0, instance:webautomation.mekarichat.test.Contacts@c2584d3]" started-at="2021-12-16T14:33:47 WIB" name="quitBase" finished-at="2021-12-16T14:33:47 WIB" duration-ms="143" status="PASS">
          <reporter-output>
          </reporter-output>
        </test-method> <!-- quitBase -->
        <test-method is-config="true" signature="setupBase()[pri:0, instance:webautomation.mekarichat.test.Contacts@c2584d3]" started-at="2021-12-16T14:33:47 WIB" name="setupBase" finished-at="2021-12-16T14:34:04 WIB" duration-ms="17004" status="PASS">
          <reporter-output>
          </reporter-output>
        </test-method> <!-- setupBase -->
        <test-method is-config="true" signature="quitBase()[pri:0, instance:webautomation.mekarichat.test.Contacts@c2584d3]" started-at="2021-12-16T14:33:54 WIB" name="quitBase" finished-at="2021-12-16T14:33:54 WIB" duration-ms="160" status="PASS">
          <reporter-output>
          </reporter-output>
        </test-method> <!-- quitBase -->
        <test-method is-config="true" signature="setupBase()[pri:0, instance:webautomation.mekarichat.test.Contacts@c2584d3]" started-at="2021-12-16T14:33:54 WIB" name="setupBase" finished-at="2021-12-16T14:34:08 WIB" duration-ms="14232" status="PASS">
          <reporter-output>
          </reporter-output>
        </test-method> <!-- setupBase -->
        <test-method signature="searchContactWithName()[pri:0, instance:webautomation.mekarichat.test.Contacts@c2584d3]" started-at="2021-12-16T14:34:04 WIB" name="searchContactWithName" finished-at="2021-12-16T14:34:29 WIB" duration-ms="25385" status="PASS">
          <reporter-output>
          </reporter-output>
        </test-method> <!-- searchContactWithName -->
        <test-method signature="statusOnlineOfflineListContact()[pri:0, instance:webautomation.mekarichat.test.Contacts@c2584d3]" started-at="2021-12-16T14:34:08 WIB" name="statusOnlineOfflineListContact" finished-at="2021-12-16T14:34:29 WIB" duration-ms="20424" status="PASS">
          <reporter-output>
          </reporter-output>
        </test-method> <!-- statusOnlineOfflineListContact -->
        <test-method is-config="true" signature="quitBase()[pri:0, instance:webautomation.mekarichat.test.Contacts@c2584d3]" started-at="2021-12-16T14:34:29 WIB" name="quitBase" finished-at="2021-12-16T14:34:29 WIB" duration-ms="200" status="PASS">
          <reporter-output>
          </reporter-output>
        </test-method> <!-- quitBase -->
        <test-method is-config="true" signature="quitBase()[pri:0, instance:webautomation.mekarichat.test.Contacts@c2584d3]" started-at="2021-12-16T14:34:29 WIB" name="quitBase" finished-at="2021-12-16T14:34:29 WIB" duration-ms="210" status="PASS">
          <reporter-output>
          </reporter-output>
        </test-method> <!-- quitBase -->
      </class> <!-- webautomation.mekarichat.test.Contacts -->
      <class name="webautomation.mekarichat.test.Logout">
        <test-method is-config="true" signature="setupBase()[pri:0, instance:webautomation.mekarichat.test.Logout@31a3f4de]" started-at="2021-12-16T14:31:09 WIB" name="setupBase" finished-at="2021-12-16T14:31:26 WIB" duration-ms="17051" status="PASS">
          <reporter-output>
          </reporter-output>
        </test-method> <!-- setupBase -->
        <test-method signature="logoutFromMekariChat()[pri:0, instance:webautomation.mekarichat.test.Logout@31a3f4de]" started-at="2021-12-16T14:31:26 WIB" name="logoutFromMekariChat" finished-at="2021-12-16T14:32:29 WIB" duration-ms="62587" status="FAIL">
          <exception class="org.openqa.selenium.TimeoutException">
            <message>
              <![CDATA[Expected condition failed: waiting for element to be clickable: By.xpath: //input[@id='new-signin-button'] (tried for 60 second(s) with 500 milliseconds interval)
Build info: version: '4.0.0-beta-3', revision: '5d108f9a67'
System info: host: 'MacBook-Pro-Astaroth.local', ip: 'fe80:0:0:0:443:3f97:c9b6:b037%en0', os.name: 'Mac OS X', os.arch: 'x86_64', os.version: '10.16', java.version: '16.0.1'
Driver info: org.openqa.selenium.chrome.ChromeDriver
Capabilities {acceptInsecureCerts: false, browserName: chrome, browserVersion: 96.0.4664.110, chrome: {chromedriverVersion: 96.0.4664.45 (76e4c1bb2ab46..., userDataDir: /var/folders/gr/pnfzzss51zd...}, goog:chromeOptions: {debuggerAddress: localhost:49191}, javascriptEnabled: true, networkConnectionEnabled: false, pageLoadStrategy: normal, platform: MAC, platformName: MAC, proxy: Proxy(), se:cdp: ws://localhost:49191/devtoo..., se:cdpVersion: 96.0.4664.110, setWindowRect: true, strictFileInteractability: false, timeouts: {implicit: 0, pageLoad: 300000, script: 30000}, unhandledPromptBehavior: dismiss and notify, webauthn:extension:credBlob: true, webauthn:extension:largeBlob: true, webauthn:virtualAuthenticators: true}
Session ID: ead97e4799b44b7412243bbc61d1f8df]]>
            </message>
            <full-stacktrace>
              <![CDATA[org.openqa.selenium.TimeoutException: Expected condition failed: waiting for element to be clickable: By.xpath: //input[@id='new-signin-button'] (tried for 60 second(s) with 500 milliseconds interval)
Build info: version: '4.0.0-beta-3', revision: '5d108f9a67'
System info: host: 'MacBook-Pro-Astaroth.local', ip: 'fe80:0:0:0:443:3f97:c9b6:b037%en0', os.name: 'Mac OS X', os.arch: 'x86_64', os.version: '10.16', java.version: '16.0.1'
Driver info: org.openqa.selenium.chrome.ChromeDriver
Capabilities {acceptInsecureCerts: false, browserName: chrome, browserVersion: 96.0.4664.110, chrome: {chromedriverVersion: 96.0.4664.45 (76e4c1bb2ab46..., userDataDir: /var/folders/gr/pnfzzss51zd...}, goog:chromeOptions: {debuggerAddress: localhost:49191}, javascriptEnabled: true, networkConnectionEnabled: false, pageLoadStrategy: normal, platform: MAC, platformName: MAC, proxy: Proxy(), se:cdp: ws://localhost:49191/devtoo..., se:cdpVersion: 96.0.4664.110, setWindowRect: true, strictFileInteractability: false, timeouts: {implicit: 0, pageLoad: 300000, script: 30000}, unhandledPromptBehavior: dismiss and notify, webauthn:extension:credBlob: true, webauthn:extension:largeBlob: true, webauthn:virtualAuthenticators: true}
Session ID: ead97e4799b44b7412243bbc61d1f8df
at org.openqa.selenium.support.ui.WebDriverWait.timeoutException(WebDriverWait.java:138)
at org.openqa.selenium.support.ui.FluentWait.until(FluentWait.java:231)
at webautomation.mekarichat.navigation.BasePage.clickAndWaitByXpath(BasePage.java:25)
at webautomation.mekarichat.pages.LoginPage.inputEmailPassword(LoginPage.java:37)
at webautomation.mekarichat.test.Logout.logoutFromMekariChat(Logout.java:40)
at java.base/jdk.internal.reflect.NativeMethodAccessorImpl.invoke0(Native Method)
at java.base/jdk.internal.reflect.NativeMethodAccessorImpl.invoke(NativeMethodAccessorImpl.java:78)
at java.base/jdk.internal.reflect.DelegatingMethodAccessorImpl.invoke(DelegatingMethodAccessorImpl.java:43)
at java.base/java.lang.reflect.Method.invoke(Method.java:567)
at org.testng.internal.MethodInvocationHelper.invokeMethod(MethodInvocationHelper.java:133)
at org.testng.internal.TestInvoker.invokeMethod(TestInvoker.java:598)
at org.testng.internal.TestInvoker.invokeTestMethod(TestInvoker.java:173)
at org.testng.internal.MethodRunner.runInSequence(MethodRunner.java:46)
at org.testng.internal.TestInvoker$MethodInvocationAgent.invoke(TestInvoker.java:824)
at org.testng.internal.TestInvoker.invokeTestMethods(TestInvoker.java:146)
at org.testng.internal.TestMethodWorker.invokeTestMethods(TestMethodWorker.java:146)
at org.testng.internal.TestMethodWorker.run(TestMethodWorker.java:128)
at java.base/java.util.concurrent.ThreadPoolExecutor.runWorker(ThreadPoolExecutor.java:1130)
at java.base/java.util.concurrent.ThreadPoolExecutor$Worker.run(ThreadPoolExecutor.java:630)
at java.base/java.lang.Thread.run(Thread.java:831)
]]>
            </full-stacktrace>
          </exception> <!-- org.openqa.selenium.TimeoutException -->
          <reporter-output>
          </reporter-output>
        </test-method> <!-- logoutFromMekariChat -->
        <test-method is-config="true" signature="quitBase()[pri:0, instance:webautomation.mekarichat.test.Logout@31a3f4de]" started-at="2021-12-16T14:32:29 WIB" name="quitBase" finished-at="2021-12-16T14:32:30 WIB" duration-ms="249" status="PASS">
          <reporter-output>
          </reporter-output>
        </test-method> <!-- quitBase -->
      </class> <!-- webautomation.mekarichat.test.Logout -->
      <class name="webautomation.mekarichat.test.ChatList">
        <test-method is-config="true" signature="setupBase()[pri:0, instance:webautomation.mekarichat.test.ChatList@c27a3a2]" started-at="2021-12-16T14:31:16 WIB" name="setupBase" finished-at="2021-12-16T14:31:33 WIB" duration-ms="17492" status="PASS">
          <reporter-output>
          </reporter-output>
        </test-method> <!-- setupBase -->
        <test-method signature="checkStatusChatOnlineOffline()[pri:0, instance:webautomation.mekarichat.test.ChatList@c27a3a2]" started-at="2021-12-16T14:31:33 WIB" name="checkStatusChatOnlineOffline" finished-at="2021-12-16T14:32:18 WIB" duration-ms="44589" status="PASS">
          <reporter-output>
          </reporter-output>
        </test-method> <!-- checkStatusChatOnlineOffline -->
        <test-method is-config="true" signature="quitBase()[pri:0, instance:webautomation.mekarichat.test.ChatList@c27a3a2]" started-at="2021-12-16T14:32:18 WIB" name="quitBase" finished-at="2021-12-16T14:32:18 WIB" duration-ms="191" status="PASS">
          <reporter-output>
          </reporter-output>
        </test-method> <!-- quitBase -->
        <test-method is-config="true" signature="setupBase()[pri:0, instance:webautomation.mekarichat.test.ChatList@c27a3a2]" started-at="2021-12-16T14:32:18 WIB" name="setupBase" finished-at="2021-12-16T14:32:32 WIB" duration-ms="13693" status="PASS">
          <reporter-output>
          </reporter-output>
        </test-method> <!-- setupBase -->
        <test-method signature="pinTest()[pri:0, instance:webautomation.mekarichat.test.ChatList@c27a3a2]" started-at="2021-12-16T14:32:32 WIB" name="pinTest" finished-at="2021-12-16T14:33:13 WIB" duration-ms="40991" status="PASS">
          <reporter-output>
          </reporter-output>
        </test-method> <!-- pinTest -->
        <test-method is-config="true" signature="quitBase()[pri:0, instance:webautomation.mekarichat.test.ChatList@c27a3a2]" started-at="2021-12-16T14:33:13 WIB" name="quitBase" finished-at="2021-12-16T14:33:13 WIB" duration-ms="116" status="PASS">
          <reporter-output>
          </reporter-output>
        </test-method> <!-- quitBase -->
      </class> <!-- webautomation.mekarichat.test.ChatList -->
      <class name="webautomation.mekarichat.test.Login">
        <test-method is-config="true" signature="setAllureEnvironment()[pri:0, instance:webautomation.mekarichat.test.Login@684b31de]" started-at="2021-12-16T14:29:44 WIB" name="setAllureEnvironment" finished-at="2021-12-16T14:29:45 WIB" duration-ms="218" status="PASS">
          <reporter-output>
          </reporter-output>
        </test-method> <!-- setAllureEnvironment -->
        <test-method is-config="true" signature="setupBase()[pri:0, instance:webautomation.mekarichat.test.Login@684b31de]" started-at="2021-12-16T14:29:45 WIB" name="setupBase" finished-at="2021-12-16T14:30:06 WIB" duration-ms="21312" status="PASS">
          <reporter-output>
          </reporter-output>
        </test-method> <!-- setupBase -->
        <test-method is-config="true" signature="setupBase()[pri:0, instance:webautomation.mekarichat.test.Login@684b31de]" started-at="2021-12-16T14:29:45 WIB" name="setupBase" finished-at="2021-12-16T14:30:07 WIB" duration-ms="22129" status="PASS">
          <reporter-output>
          </reporter-output>
        </test-method> <!-- setupBase -->
        <test-method signature="checkPasswordShowed()[pri:0, instance:webautomation.mekarichat.test.Login@684b31de]" started-at="2021-12-16T14:30:06 WIB" name="checkPasswordShowed" finished-at="2021-12-16T14:30:12 WIB" duration-ms="6021" status="PASS">
          <reporter-output>
          </reporter-output>
        </test-method> <!-- checkPasswordShowed -->
        <test-method signature="checkPasswordHidden()[pri:0, instance:webautomation.mekarichat.test.Login@684b31de]" started-at="2021-12-16T14:30:07 WIB" name="checkPasswordHidden" finished-at="2021-12-16T14:30:07 WIB" duration-ms="522" status="PASS">
          <reporter-output>
          </reporter-output>
        </test-method> <!-- checkPasswordHidden -->
        <test-method is-config="true" signature="quitBase()[pri:0, instance:webautomation.mekarichat.test.Login@684b31de]" started-at="2021-12-16T14:30:07 WIB" name="quitBase" finished-at="2021-12-16T14:30:08 WIB" duration-ms="211" status="PASS">
          <reporter-output>
          </reporter-output>
        </test-method> <!-- quitBase -->
        <test-method is-config="true" signature="setupBase()[pri:0, instance:webautomation.mekarichat.test.Login@684b31de]" started-at="2021-12-16T14:30:08 WIB" name="setupBase" finished-at="2021-12-16T14:30:22 WIB" duration-ms="14446" status="PASS">
          <reporter-output>
          </reporter-output>
        </test-method> <!-- setupBase -->
        <test-method is-config="true" signature="quitBase()[pri:0, instance:webautomation.mekarichat.test.Login@684b31de]" started-at="2021-12-16T14:30:12 WIB" name="quitBase" finished-at="2021-12-16T14:30:12 WIB" duration-ms="95" status="PASS">
          <reporter-output>
          </reporter-output>
        </test-method> <!-- quitBase -->
        <test-method is-config="true" signature="setupBase()[pri:0, instance:webautomation.mekarichat.test.Login@684b31de]" started-at="2021-12-16T14:30:12 WIB" name="setupBase" finished-at="2021-12-16T14:30:27 WIB" duration-ms="14587" status="PASS">
          <reporter-output>
          </reporter-output>
        </test-method> <!-- setupBase -->
        <test-method signature="loginWithValidEmailandPassword()[pri:0, instance:webautomation.mekarichat.test.Login@684b31de]" started-at="2021-12-16T14:30:22 WIB" name="loginWithValidEmailandPassword" finished-at="2021-12-16T14:30:38 WIB" duration-ms="16543" status="PASS">
          <reporter-output>
          </reporter-output>
        </test-method> <!-- loginWithValidEmailandPassword -->
        <test-method signature="loginWithValidEmailandWrongPassword()[pri:0, instance:webautomation.mekarichat.test.Login@684b31de]" started-at="2021-12-16T14:30:27 WIB" name="loginWithValidEmailandWrongPassword" finished-at="2021-12-16T14:30:42 WIB" duration-ms="14664" status="PASS">
          <reporter-output>
          </reporter-output>
        </test-method> <!-- loginWithValidEmailandWrongPassword -->
        <test-method is-config="true" signature="quitBase()[pri:0, instance:webautomation.mekarichat.test.Login@684b31de]" started-at="2021-12-16T14:30:39 WIB" name="quitBase" finished-at="2021-12-16T14:30:39 WIB" duration-ms="148" status="PASS">
          <reporter-output>
          </reporter-output>
        </test-method> <!-- quitBase -->
        <test-method is-config="true" signature="setupBase()[pri:0, instance:webautomation.mekarichat.test.Login@684b31de]" started-at="2021-12-16T14:30:39 WIB" name="setupBase" finished-at="2021-12-16T14:30:54 WIB" duration-ms="15819" status="PASS">
          <reporter-output>
          </reporter-output>
        </test-method> <!-- setupBase -->
        <test-method is-config="true" signature="quitBase()[pri:0, instance:webautomation.mekarichat.test.Login@684b31de]" started-at="2021-12-16T14:30:42 WIB" name="quitBase" finished-at="2021-12-16T14:30:42 WIB" duration-ms="123" status="PASS">
          <reporter-output>
          </reporter-output>
        </test-method> <!-- quitBase -->
        <test-method is-config="true" signature="setupBase()[pri:0, instance:webautomation.mekarichat.test.Login@684b31de]" started-at="2021-12-16T14:30:42 WIB" name="setupBase" finished-at="2021-12-16T14:30:57 WIB" duration-ms="15557" status="PASS">
          <reporter-output>
          </reporter-output>
        </test-method> <!-- setupBase -->
        <test-method signature="loginWithWrongEmailandPassword()[pri:0, instance:webautomation.mekarichat.test.Login@684b31de]" started-at="2021-12-16T14:30:54 WIB" name="loginWithWrongEmailandPassword" finished-at="2021-12-16T14:31:09 WIB" duration-ms="14758" status="PASS">
          <reporter-output>
          </reporter-output>
        </test-method> <!-- loginWithWrongEmailandPassword -->
        <test-method signature="loginWithWrongEmailandValidPassword()[pri:0, instance:webautomation.mekarichat.test.Login@684b31de]" started-at="2021-12-16T14:30:57 WIB" name="loginWithWrongEmailandValidPassword" finished-at="2021-12-16T14:31:16 WIB" duration-ms="18516" status="PASS">
          <reporter-output>
          </reporter-output>
        </test-method> <!-- loginWithWrongEmailandValidPassword -->
        <test-method is-config="true" signature="quitBase()[pri:0, instance:webautomation.mekarichat.test.Login@684b31de]" started-at="2021-12-16T14:31:09 WIB" name="quitBase" finished-at="2021-12-16T14:31:09 WIB" duration-ms="87" status="PASS">
          <reporter-output>
          </reporter-output>
        </test-method> <!-- quitBase -->
        <test-method is-config="true" signature="quitBase()[pri:0, instance:webautomation.mekarichat.test.Login@684b31de]" started-at="2021-12-16T14:31:16 WIB" name="quitBase" finished-at="2021-12-16T14:31:16 WIB" duration-ms="134" status="PASS">
          <reporter-output>
          </reporter-output>
        </test-method> <!-- quitBase -->
      </class> <!-- webautomation.mekarichat.test.Login -->
      <class name="webautomation.mekarichat.test.SearchMessage">
        <test-method is-config="true" signature="setupBase()[pri:0, instance:webautomation.mekarichat.test.SearchMessage@410ae5ac]" started-at="2021-12-16T14:36:17 WIB" name="setupBase" finished-at="2021-12-16T14:36:31 WIB" duration-ms="13960" status="PASS">
          <reporter-output>
          </reporter-output>
        </test-method> <!-- setupBase -->
        <test-method signature="searchOnChatTab()[pri:0, instance:webautomation.mekarichat.test.SearchMessage@410ae5ac]" started-at="2021-12-16T14:36:31 WIB" name="searchOnChatTab" finished-at="2021-12-16T14:36:57 WIB" duration-ms="26229" status="PASS">
          <reporter-output>
          </reporter-output>
        </test-method> <!-- searchOnChatTab -->
        <test-method is-config="true" signature="quitBase()[pri:0, instance:webautomation.mekarichat.test.SearchMessage@410ae5ac]" started-at="2021-12-16T14:36:57 WIB" name="quitBase" finished-at="2021-12-16T14:36:58 WIB" duration-ms="255" status="PASS">
          <reporter-output>
          </reporter-output>
        </test-method> <!-- quitBase -->
      </class> <!-- webautomation.mekarichat.test.SearchMessage -->
      <class name="webautomation.mekarichat.test.SearchChat">
        <test-method is-config="true" signature="setupBase()[pri:0, instance:webautomation.mekarichat.test.SearchChat@3e4e4c1]" started-at="2021-12-16T14:34:29 WIB" name="setupBase" finished-at="2021-12-16T14:34:48 WIB" duration-ms="18881" status="PASS">
          <reporter-output>
          </reporter-output>
        </test-method> <!-- setupBase -->
        <test-method is-config="true" signature="setupBase()[pri:0, instance:webautomation.mekarichat.test.SearchChat@3e4e4c1]" started-at="2021-12-16T14:34:29 WIB" name="setupBase" finished-at="2021-12-16T14:34:45 WIB" duration-ms="16078" status="PASS">
          <reporter-output>
          </reporter-output>
        </test-method> <!-- setupBase -->
        <test-method signature="searchChatWithFilterPostInAndFrom()[pri:0, instance:webautomation.mekarichat.test.SearchChat@3e4e4c1]" started-at="2021-12-16T14:34:45 WIB" name="searchChatWithFilterPostInAndFrom" finished-at="2021-12-16T14:35:30 WIB" duration-ms="44120" status="PASS">
          <reporter-output>
          </reporter-output>
        </test-method> <!-- searchChatWithFilterPostInAndFrom -->
        <test-method signature="searchChatWithFilterPostIn()[pri:0, instance:webautomation.mekarichat.test.SearchChat@3e4e4c1]" started-at="2021-12-16T14:34:48 WIB" name="searchChatWithFilterPostIn" finished-at="2021-12-16T14:35:26 WIB" duration-ms="37642" status="PASS">
          <reporter-output>
          </reporter-output>
        </test-method> <!-- searchChatWithFilterPostIn -->
        <test-method is-config="true" signature="quitBase()[pri:0, instance:webautomation.mekarichat.test.SearchChat@3e4e4c1]" started-at="2021-12-16T14:35:26 WIB" name="quitBase" finished-at="2021-12-16T14:35:26 WIB" duration-ms="109" status="PASS">
          <reporter-output>
          </reporter-output>
        </test-method> <!-- quitBase -->
        <test-method is-config="true" signature="setupBase()[pri:0, instance:webautomation.mekarichat.test.SearchChat@3e4e4c1]" started-at="2021-12-16T14:35:26 WIB" name="setupBase" finished-at="2021-12-16T14:35:41 WIB" duration-ms="15129" status="PASS">
          <reporter-output>
          </reporter-output>
        </test-method> <!-- setupBase -->
        <test-method is-config="true" signature="quitBase()[pri:0, instance:webautomation.mekarichat.test.SearchChat@3e4e4c1]" started-at="2021-12-16T14:35:30 WIB" name="quitBase" finished-at="2021-12-16T14:35:30 WIB" duration-ms="145" status="PASS">
          <reporter-output>
          </reporter-output>
        </test-method> <!-- quitBase -->
        <test-method is-config="true" signature="setupBase()[pri:0, instance:webautomation.mekarichat.test.SearchChat@3e4e4c1]" started-at="2021-12-16T14:35:30 WIB" name="setupBase" finished-at="2021-12-16T14:35:45 WIB" duration-ms="14955" status="PASS">
          <reporter-output>
          </reporter-output>
        </test-method> <!-- setupBase -->
        <test-method signature="searchChatWithNoFilter()[pri:0, instance:webautomation.mekarichat.test.SearchChat@3e4e4c1]" started-at="2021-12-16T14:35:41 WIB" name="searchChatWithNoFilter" finished-at="2021-12-16T14:36:17 WIB" duration-ms="36188" status="PASS">
          <reporter-output>
          </reporter-output>
        </test-method> <!-- searchChatWithNoFilter -->
        <test-method signature="searchOnTabSearchWithFilterFrom()[pri:0, instance:webautomation.mekarichat.test.SearchChat@3e4e4c1]" started-at="2021-12-16T14:35:45 WIB" name="searchOnTabSearchWithFilterFrom" finished-at="2021-12-16T14:37:20 WIB" duration-ms="95688" status="PASS">
          <reporter-output>
          </reporter-output>
        </test-method> <!-- searchOnTabSearchWithFilterFrom -->
        <test-method is-config="true" signature="quitBase()[pri:0, instance:webautomation.mekarichat.test.SearchChat@3e4e4c1]" started-at="2021-12-16T14:36:17 WIB" name="quitBase" finished-at="2021-12-16T14:36:17 WIB" duration-ms="108" status="PASS">
          <reporter-output>
          </reporter-output>
        </test-method> <!-- quitBase -->
        <test-method is-config="true" signature="quitBase()[pri:0, instance:webautomation.mekarichat.test.SearchChat@3e4e4c1]" started-at="2021-12-16T14:37:20 WIB" name="quitBase" finished-at="2021-12-16T14:37:21 WIB" duration-ms="163" status="PASS">
          <reporter-output>
          </reporter-output>
        </test-method> <!-- quitBase -->
      </class> <!-- webautomation.mekarichat.test.SearchChat -->
    </test> <!-- Test -->
  </suite> <!-- Suite -->
</testng-results>
