<?xml version="1.0" encoding="UTF-8"?>
<testng-results skipped="0" failed="0" ignored="18" total="19" passed="1">
  <reporter-output>
  </reporter-output>
  <suite name="Default suite" duration-ms="43191" started-at="2021-12-14T07:06:15Z" finished-at="2021-12-14T07:06:58Z">
    <groups>
    </groups>
    <test name="Default test" duration-ms="43191" started-at="2021-12-14T07:06:15Z" finished-at="2021-12-14T07:06:58Z">
      <class name="webautomation.mekarichat.AppTest">
        <test-method status="PASS" signature="createChromeDriver()[pri:0, instance:webautomation.mekarichat.AppTest@479d31f3]" name="createChromeDriver" is-config="true" duration-ms="17429" started-at="2021-12-14T07:06:15Z" finished-at="2021-12-14T07:06:32Z">
          <reporter-output>
          </reporter-output>
        </test-method> <!-- createChromeDriver -->
        <test-method status="PASS" signature="accessPrivateRoomFromTabsContacts()[pri:0, instance:webautomation.mekarichat.AppTest@479d31f3]" name="accessPrivateRoomFromTabsContacts" duration-ms="25416" started-at="2021-12-14T07:06:32Z" description="User mengakses private chat room melalui tab Contacts" finished-at="2021-12-14T07:06:58Z">
          <reporter-output>
          </reporter-output>
        </test-method> <!-- accessPrivateRoomFromTabsContacts -->
        <test-method status="PASS" signature="quitChromeDriver()[pri:0, instance:webautomation.mekarichat.AppTest@479d31f3]" name="quitChromeDriver" is-config="true" duration-ms="308" started-at="2021-12-14T07:06:58Z" finished-at="2021-12-14T07:06:58Z">
          <reporter-output>
          </reporter-output>
        </test-method> <!-- quitChromeDriver -->
      </class> <!-- webautomation.mekarichat.AppTest -->
    </test> <!-- Default test -->
  </suite> <!-- Default suite -->
</testng-results>
